c:\users\zino\desktop\liar's bar\liar's bar\liar's bar\x64\debug\vc143.pdb
c:\users\zino\desktop\liar's bar\liar's bar\liar's bar\x64\debug\vc143.idb
c:\users\zino\desktop\liar's bar\liar's bar\liar's bar\x64\debug\loginmanager.obj
c:\users\zino\desktop\liar's bar\liar's bar\liar's bar\x64\debug\liar's bar.obj
c:\users\zino\desktop\liar's bar\liar's bar\liar's bar\x64\debug\networkmanager.obj
c:\users\zino\desktop\liar's bar\liar's bar\liar's bar\x64\debug\lobbymanager.obj
c:\users\zino\desktop\liar's bar\liar's bar\liar's bar\x64\debug\packetmanager.obj
c:\users\zino\desktop\liar's bar\liar's bar\x64\debug\liar's bar.exe
c:\users\zino\desktop\liar's bar\liar's bar\x64\debug\liar's bar.pdb
c:\users\zino\desktop\liar's bar\liar's bar\liar's bar\x64\debug\liar's bar.ilk
c:\users\zino\desktop\liar's bar\liar's bar\liar's bar\x64\debug\encryptionmanager.obj
c:\users\zino\desktop\liar's bar\liar's bar\x64\debug\liar's bar.ilk
c:\users\zino\desktop\liar's bar\liar's bar\liar's bar\x64\debug\liar's bar.tlog\cl.command.1.tlog
c:\users\zino\desktop\liar's bar\liar's bar\liar's bar\x64\debug\liar's bar.tlog\cl.items.tlog
c:\users\zino\desktop\liar's bar\liar's bar\liar's bar\x64\debug\liar's bar.tlog\cl.read.1.tlog
c:\users\zino\desktop\liar's bar\liar's bar\liar's bar\x64\debug\liar's bar.tlog\cl.write.1.tlog
c:\users\zino\desktop\liar's bar\liar's bar\liar's bar\x64\debug\liar's bar.tlog\link.command.1.tlog
c:\users\zino\desktop\liar's bar\liar's bar\liar's bar\x64\debug\liar's bar.tlog\link.read.1.tlog
c:\users\zino\desktop\liar's bar\liar's bar\liar's bar\x64\debug\liar's bar.tlog\link.secondary.1.tlog
c:\users\zino\desktop\liar's bar\liar's bar\liar's bar\x64\debug\liar's bar.tlog\link.write.1.tlog
